<?xml version="1.0" encoding="UTF-8"?>
<!-- Generated by org.testng.reporters.JUnitReportReporter -->
<testsuite hostname="LAPTOP-OB76D41L" failures="0" tests="2" name="testNG.Demo1" time="0.011" errors="0" timestamp="2022-06-22T09:20:20 EDT" skipped="0">
  <testcase classname="testNG.Demo1" name="test2" time="0.001"/>
  <system-out/>
  <testcase classname="testNG.Demo1" name="test1" time="0.010"/>
  <system-out/>
</testsuite> <!-- testNG.Demo1 -->
