<?xml version="1.0" encoding="UTF-8"?>
<!-- Generated by org.testng.reporters.JUnitReportReporter -->
<testsuite hostname="LAPTOP-OB76D41L" failures="0" tests="3" name="testNG.Demo4" time="0.005" errors="0" timestamp="2022-06-22T09:20:20 EDT" skipped="0">
  <testcase classname="testNG.Demo4" name="webloginhomeLoan" time="0.001"/>
  <system-out/>
  <testcase classname="testNG.Demo4" name="loginApIHomeLoan" time="0.001"/>
  <system-out/>
  <testcase classname="testNG.Demo4" name="mobileloginHomeLoan" time="0.003"/>
  <system-out/>
</testsuite> <!-- testNG.Demo4 -->
