<?xml version="1.0" encoding="UTF-8"?>
<!-- Generated by org.testng.reporters.JUnitReportReporter -->
<testsuite hostname="LAPTOP-OB76D41L" failures="0" tests="3" name="testNG.Demo3" time="0.006" errors="0" timestamp="2022-06-22T09:20:20 EDT" skipped="0">
  <testcase classname="testNG.Demo3" name="mobileloginCarLoan" time="0.004"/>
  <system-out/>
  <testcase classname="testNG.Demo3" name="webloginCarLoan" time="0.001"/>
  <system-out/>
  <testcase classname="testNG.Demo3" name="loginApICarLoan" time="0.001"/>
  <system-out/>
</testsuite> <!-- testNG.Demo3 -->
