<?xml version="1.0" encoding="UTF-8"?>
<!-- Generated by org.testng.reporters.JUnitReportReporter -->
<testsuite hostname="LAPTOP-OB76D41L" failures="0" tests="2" name="testNG.Demo2" time="0.006" errors="0" timestamp="2022-06-22T09:20:20 EDT" skipped="0">
  <testcase classname="testNG.Demo2" name="test4" time="0.005"/>
  <system-out/>
  <testcase classname="testNG.Demo2" name="test3" time="0.001"/>
  <system-out/>
</testsuite> <!-- testNG.Demo2 -->
